<?xml version="1.0" encoding="UTF-8"?>
<!-- Generated by org.testng.reporters.JUnitReportReporter -->
<testsuite hostname="Adarsh" failures="0" tests="1" name="com.DemoTest.ParaMetersTest" time="0.031" errors="0" timestamp="2021-08-03T15:24:53 IST" skipped="0">
  <testcase classname="com.DemoTest.ParaMetersTest" name="params" time="0.031"/>
  <system-out/>
</testsuite> <!-- com.DemoTest.ParaMetersTest -->
